<?xml version="1.0" encoding="UTF-8"?>
<!-- Generated by org.testng.reporters.JUnitReportReporter -->
<testsuite skipped="0" hostname="DESKTOP-7PTG32V" name="com.devokta.pages.VerifyDevOktaLogin" tests="4" failures="0" timestamp="30 Jul 2018 01:55:09 GMT" time="40.876" errors="0">
  <testcase name="verifyValidLogin" time="0.002" classname="com.devokta.pages.VerifyDevOktaLogin"/>
  <testcase name="inputDataDriverCSVFileData" time="14.755" classname="com.devokta.pages.VerifyDevOktaLogin"/>
  <testcase name="inputDataDriverCSVFileData" time="13.082" classname="com.devokta.pages.VerifyDevOktaLogin"/>
  <testcase name="inputDataDriverCSVFileData" time="13.037" classname="com.devokta.pages.VerifyDevOktaLogin"/>
</testsuite> <!-- com.devokta.pages.VerifyDevOktaLogin -->
